Command line invocation:
    /Applications/Xcode.app/Contents/Developer/usr/bin/xcodebuild -project BugNarrator.xcodeproj -scheme BugNarrator -configuration Debug CODE_SIGNING_ALLOWED=NO -derivedDataPath /tmp/bugnarrator-settings-build build

Build settings from command line:
    CODE_SIGNING_ALLOWED = NO

2026-04-05 11:41:55.247 xcodebuild[98242:1910851] [MT] IDERunDestination: Supported platforms for the buildables in the current scheme is empty.
--- xcodebuild: WARNING: Using the first of multiple matching destinations:
{ platform:macOS, arch:arm64, id:00006002-001470622E03401E, name:My Mac }
{ platform:macOS, arch:x86_64, id:00006002-001470622E03401E, name:My Mac }
{ platform:macOS, name:Any Mac }
ComputePackagePrebuildTargetDependencyGraph

Prepare packages

CreateBuildRequest

SendProjectDescription

CreateBuildOperation

ComputeTargetDependencyGraph
note: Building targets in dependency order
note: Target dependency graph (1 target)
    Target 'BugNarrator' in project 'BugNarrator' (no dependencies)

GatherProvisioningInputs

CreateBuildDescription

ClangStatCache /Applications/Xcode.app/Contents/Developer/Toolchains/XcodeDefault.xctoolchain/usr/bin/clang-stat-cache /Applications/Xcode.app/Contents/Developer/Platforms/MacOSX.platform/Developer/SDKs/MacOSX26.4.sdk /tmp/bugnarrator-settings-build/SDKStatCaches.noindex/macosx26.4-25E236-30f9ca8789b706f8bd3fc906a70d770f.sdkstatcache
    cd /tmp/bug-narrator-pr5/BugNarrator.xcodeproj
    /Applications/Xcode.app/Contents/Developer/Toolchains/XcodeDefault.xctoolchain/usr/bin/clang-stat-cache /Applications/Xcode.app/Contents/Developer/Platforms/MacOSX.platform/Developer/SDKs/MacOSX26.4.sdk -o /tmp/bugnarrator-settings-build/SDKStatCaches.noindex/macosx26.4-25E236-30f9ca8789b706f8bd3fc906a70d770f.sdkstatcache

note: Disabling hardened runtime with ad-hoc codesigning. (in target 'BugNarrator' from project 'BugNarrator')
** BUILD SUCCEEDED **

